<?xml version="1.0" encoding="UTF-8"?>
<!-- Generated by org.testng.reporters.JUnitReportReporter -->
<testsuite hostname="LAPTOP-2O7GK8PE" failures="1" tests="12" name="runner.TestRunner" time="287.000" errors="1" timestamp="2025-09-13T14:05:23 IST" skipped="0">
  <testcase classname="runner.TestRunner" name="runScenario" time="116.303"/>
  <testcase classname="runner.TestRunner" name="runScenario" time="8.587"/>
  <testcase classname="runner.TestRunner" name="runScenario" time="45.968"/>
  <testcase classname="runner.TestRunner" name="runScenario" time="8.433"/>
  <testcase classname="runner.TestRunner" name="runScenario" time="10.724"/>
  <testcase classname="runner.TestRunner" name="runScenario" time="10.799"/>
  <testcase classname="runner.TestRunner" name="runScenario" time="13.398"/>
  <testcase classname="runner.TestRunner" name="runScenario" time="6.552"/>
  <testcase classname="runner.TestRunner" name="runScenario" time="40.723">
    <failure message="expected [true] but found [false]" type="java.lang.AssertionError">
      <![CDATA[java.lang.AssertionError: expected [true] but found [false]
at org.testng.Assert.fail(Assert.java:111)
at org.testng.Assert.failNotEquals(Assert.java:1590)
at org.testng.Assert.assertTrue(Assert.java:57)
at org.testng.Assert.assertTrue(Assert.java:67)
at stepdefinitions.LoginSteps.the_user_should_be_logged_in_successfully(LoginSteps.java:90)
at ✽.the user should be logged in successfully(file:///C:/Users/Public/Eclipse_Projects/NoBroker_Testing_App/src/test/resources/features/1.login.feature:33)
]]>
    </failure>
  </testcase> <!-- runScenario -->
  <testcase classname="runner.TestRunner" name="runScenario" time="4.383"/>
  <testcase classname="runner.TestRunner" name="runScenario" time="6.137"/>
  <testcase classname="runner.TestRunner" name="runScenario" time="14.993">
    <error message="Expected condition failed: waiting for element to be clickable: By.xpath: //div[contains(@class,&#039;nb-select__menu&#039;)]//div[text()=&#039;Chennai&#039;] (tried for 10 second(s) with 500 milliseconds interval)
Build info: version: &#039;4.25.0&#039;, revision: &#039;8a8aea2337&#039;
System info: os.name: &#039;Windows 11&#039;, os.arch: &#039;amd64&#039;, os.version: &#039;10.0&#039;, java.version: &#039;21.0.8&#039;
Driver info: org.openqa.selenium.chrome.ChromeDriver
Capabilities {acceptInsecureCerts: false, browserName: chrome, browserVersion: 140.0.7339.81, chrome: {chromedriverVersion: 140.0.7339.82 (bc93617e21c3..., userDataDir: C:\Users\yogab\AppData\Loca...}, fedcm:accounts: true, goog:chromeOptions: {debuggerAddress: localhost:58562}, networkConnectionEnabled: false, pageLoadStrategy: normal, platformName: windows, proxy: Proxy(), se:cdp: ws://localhost:58562/devtoo..., se:cdpVersion: 140.0.7339.81, setWindowRect: true, strictFileInteractability: false, timeouts: {implicit: 0, pageLoad: 300000, script: 30000}, unhandledPromptBehavior: dismiss and notify, webauthn:extension:credBlob: true, webauthn:extension:largeBlob: true, webauthn:extension:minPinLength: true, webauthn:extension:prf: true, webauthn:virtualAuthenticators: true}
Session ID: de41477645025cd7ec096cc2f84b3036" type="org.openqa.selenium.TimeoutException">
      <![CDATA[org.openqa.selenium.TimeoutException: Expected condition failed: waiting for element to be clickable: By.xpath: //div[contains(@class,'nb-select__menu')]//div[text()='Chennai'] (tried for 10 second(s) with 500 milliseconds interval)
Build info: version: '4.25.0', revision: '8a8aea2337'
System info: os.name: 'Windows 11', os.arch: 'amd64', os.version: '10.0', java.version: '21.0.8'
Driver info: org.openqa.selenium.chrome.ChromeDriver
Capabilities {acceptInsecureCerts: false, browserName: chrome, browserVersion: 140.0.7339.81, chrome: {chromedriverVersion: 140.0.7339.82 (bc93617e21c3..., userDataDir: C:\Users\yogab\AppData\Loca...}, fedcm:accounts: true, goog:chromeOptions: {debuggerAddress: localhost:58562}, networkConnectionEnabled: false, pageLoadStrategy: normal, platformName: windows, proxy: Proxy(), se:cdp: ws://localhost:58562/devtoo..., se:cdpVersion: 140.0.7339.81, setWindowRect: true, strictFileInteractability: false, timeouts: {implicit: 0, pageLoad: 300000, script: 30000}, unhandledPromptBehavior: dismiss and notify, webauthn:extension:credBlob: true, webauthn:extension:largeBlob: true, webauthn:extension:minPinLength: true, webauthn:extension:prf: true, webauthn:virtualAuthenticators: true}
Session ID: de41477645025cd7ec096cc2f84b3036
at org.openqa.selenium.support.ui.WebDriverWait.timeoutException(WebDriverWait.java:84)
at org.openqa.selenium.support.ui.FluentWait.until(FluentWait.java:228)
at pages.RentPage.selectCity(RentPage.java:58)
at stepdefinitions.RentPageSteps.the_user_selects_location(RentPageSteps.java:30)
at ✽.the user selects location "Chennai"(file:///C:/Users/Public/Eclipse_Projects/NoBroker_Testing_App/src/test/resources/features/3.buy.feature:35)
]]>
    </error>
  </testcase> <!-- runScenario -->
</testsuite> <!-- runner.TestRunner -->
